[20:21:53.784] Global cache location '/home/lenox/.cache/typescript/4.6', safe file path '/home/lenox/.nvm/versions/node/v17.4.0/lib/node_modules/typescript/lib/typingSafeList.json', types map path /home/lenox/.nvm/versions/node/v17.4.0/lib/node_modules/typescript/lib/typesMap.json
[20:21:53.785] Processing cache location '/home/lenox/.cache/typescript/4.6'
[20:21:53.786] Trying to find '/home/lenox/.cache/typescript/4.6/package.json'...
[20:21:53.788] Loaded content of '/home/lenox/.cache/typescript/4.6/package.json': {"private":true,"dependencies":{"types-registry":"^0.1.589"},"devDependencies":{"@types/core-js":"^2.5.5","@types/eslint":"^8.4.1","@types/javascript-time-ago":"^2.0.3","@types/nodemon":"^1.19.1","@types/object-assign":"^4.0.30","@types/p5":"^1.4.2","@types/react":"^17.0.43","@types/react-bootstrap":"^0.32.29","@types/react-dom":"^17.0.14","@types/react-redux":"^7.1.23","@types/remote-redux-devtools":"^0.5.5","@types/sass":"^1.43.1","@types/testing-library__jest-dom":"^5.14.3"}}
[20:21:53.788] Loaded content of '/home/lenox/.cache/typescript/4.6/package-lock.json'
[20:21:53.810] Adding entry into typings cache: 'core-js' => '/home/lenox/.cache/typescript/4.6/node_modules/@types/core-js/index.d.ts'
[20:21:53.813] Adding entry into typings cache: 'eslint' => '/home/lenox/.cache/typescript/4.6/node_modules/@types/eslint/index.d.ts'
[20:21:53.815] Adding entry into typings cache: 'javascript-time-ago' => '/home/lenox/.cache/typescript/4.6/node_modules/@types/javascript-time-ago/index.d.ts'
[20:21:53.817] Adding entry into typings cache: 'nodemon' => '/home/lenox/.cache/typescript/4.6/node_modules/@types/nodemon/index.d.ts'
[20:21:53.818] Adding entry into typings cache: 'object-assign' => '/home/lenox/.cache/typescript/4.6/node_modules/@types/object-assign/index.d.ts'
[20:21:53.820] Adding entry into typings cache: 'p5' => '/home/lenox/.cache/typescript/4.6/node_modules/@types/p5/index.d.ts'
[20:21:53.824] Adding entry into typings cache: 'react' => '/home/lenox/.cache/typescript/4.6/node_modules/@types/react/index.d.ts'
[20:21:53.828] Adding entry into typings cache: 'react-bootstrap' => '/home/lenox/.cache/typescript/4.6/node_modules/@types/react-bootstrap/index.d.ts'
[20:21:53.830] Adding entry into typings cache: 'react-dom' => '/home/lenox/.cache/typescript/4.6/node_modules/@types/react-dom/index.d.ts'
[20:21:53.833] Adding entry into typings cache: 'react-redux' => '/home/lenox/.cache/typescript/4.6/node_modules/@types/react-redux/index.d.ts'
[20:21:53.836] Adding entry into typings cache: 'remote-redux-devtools' => '/home/lenox/.cache/typescript/4.6/node_modules/@types/remote-redux-devtools/index.d.ts'
[20:21:53.837] Adding entry into typings cache: 'sass' => '/home/lenox/.cache/typescript/4.6/node_modules/@types/sass/index.d.ts'
[20:21:53.839] Adding entry into typings cache: 'testing-library__jest-dom' => '/home/lenox/.cache/typescript/4.6/node_modules/@types/testing-library__jest-dom/index.d.ts'
[20:21:53.839] Finished processing cache location '/home/lenox/.cache/typescript/4.6'
[20:21:53.839] Process id: 156209
[20:21:53.839] NPM location: /home/lenox/.nvm/versions/node/v17.4.0/bin/npm (explicit '--npmLocation' not  provided)
[20:21:53.839] validateDefaultNpmLocation: false
[20:21:53.840] Npm config file: /home/lenox/.cache/typescript/4.6/package.json
[20:21:53.840] Updating types-registry npm package...
[20:21:53.840] Exec: /home/lenox/.nvm/versions/node/v17.4.0/bin/npm install --ignore-scripts types-registry@latest
[20:21:55.270]     Succeeded. stdout:
    
    up to date, audited 42 packages in 1s

3 packages are looking for funding
  run `npm fund` for details

found 0 vulnerabilities

[20:21:55.270] Updated types-registry npm package
