[15:47:32.097] Global cache location '/home/lenox/.cache/typescript/4.6', safe file path '/home/lenox/.nvm/versions/node/v17.4.0/lib/node_modules/typescript/lib/typingSafeList.json', types map path /home/lenox/.nvm/versions/node/v17.4.0/lib/node_modules/typescript/lib/typesMap.json
[15:47:32.098] Processing cache location '/home/lenox/.cache/typescript/4.6'
[15:47:32.098] Trying to find '/home/lenox/.cache/typescript/4.6/package.json'...
[15:47:32.109] Loaded content of '/home/lenox/.cache/typescript/4.6/package.json': {"private":true,"dependencies":{"types-registry":"^0.1.588"},"devDependencies":{"@types/core-js":"^2.5.5","@types/eslint":"^8.4.1","@types/javascript-time-ago":"^2.0.3","@types/nodemon":"^1.19.1","@types/object-assign":"^4.0.30","@types/p5":"^1.4.2","@types/react":"^17.0.43","@types/react-bootstrap":"^0.32.29","@types/react-dom":"^17.0.14","@types/react-redux":"^7.1.23","@types/remote-redux-devtools":"^0.5.5","@types/sass":"^1.43.1","@types/testing-library__jest-dom":"^5.14.3"}}
[15:47:32.109] Loaded content of '/home/lenox/.cache/typescript/4.6/package-lock.json'
[15:47:32.131] Adding entry into typings cache: 'core-js' => '/home/lenox/.cache/typescript/4.6/node_modules/@types/core-js/index.d.ts'
[15:47:32.135] Adding entry into typings cache: 'eslint' => '/home/lenox/.cache/typescript/4.6/node_modules/@types/eslint/index.d.ts'
[15:47:32.137] Adding entry into typings cache: 'javascript-time-ago' => '/home/lenox/.cache/typescript/4.6/node_modules/@types/javascript-time-ago/index.d.ts'
[15:47:32.143] Adding entry into typings cache: 'nodemon' => '/home/lenox/.cache/typescript/4.6/node_modules/@types/nodemon/index.d.ts'
[15:47:32.147] Adding entry into typings cache: 'object-assign' => '/home/lenox/.cache/typescript/4.6/node_modules/@types/object-assign/index.d.ts'
[15:47:32.150] Adding entry into typings cache: 'p5' => '/home/lenox/.cache/typescript/4.6/node_modules/@types/p5/index.d.ts'
[15:47:32.157] Adding entry into typings cache: 'react' => '/home/lenox/.cache/typescript/4.6/node_modules/@types/react/index.d.ts'
[15:47:32.161] Adding entry into typings cache: 'react-bootstrap' => '/home/lenox/.cache/typescript/4.6/node_modules/@types/react-bootstrap/index.d.ts'
[15:47:32.164] Adding entry into typings cache: 'react-dom' => '/home/lenox/.cache/typescript/4.6/node_modules/@types/react-dom/index.d.ts'
[15:47:32.169] Adding entry into typings cache: 'react-redux' => '/home/lenox/.cache/typescript/4.6/node_modules/@types/react-redux/index.d.ts'
[15:47:32.178] Adding entry into typings cache: 'remote-redux-devtools' => '/home/lenox/.cache/typescript/4.6/node_modules/@types/remote-redux-devtools/index.d.ts'
[15:47:32.180] Adding entry into typings cache: 'sass' => '/home/lenox/.cache/typescript/4.6/node_modules/@types/sass/index.d.ts'
[15:47:32.183] Adding entry into typings cache: 'testing-library__jest-dom' => '/home/lenox/.cache/typescript/4.6/node_modules/@types/testing-library__jest-dom/index.d.ts'
[15:47:32.183] Finished processing cache location '/home/lenox/.cache/typescript/4.6'
[15:47:32.183] Process id: 129533
[15:47:32.183] NPM location: /home/lenox/.nvm/versions/node/v17.4.0/bin/npm (explicit '--npmLocation' not  provided)
[15:47:32.184] validateDefaultNpmLocation: false
[15:47:32.184] Npm config file: /home/lenox/.cache/typescript/4.6/package.json
[15:47:32.184] Updating types-registry npm package...
[15:47:32.184] Exec: /home/lenox/.nvm/versions/node/v17.4.0/bin/npm install --ignore-scripts types-registry@latest
[15:47:33.769]     Succeeded. stdout:
    
    up to date, audited 42 packages in 1s

3 packages are looking for funding
  run `npm fund` for details

found 0 vulnerabilities

[15:47:33.769] Updated types-registry npm package
[20:14:41.511] Got install request {"projectName":"/dev/null/inferredProject1*","fileNames":[],"compilerOptions":{"module":1,"target":3,"jsx":1,"allowJs":true,"allowSyntheticDefaultImports":true,"allowNonTsExtensions":true,"noEmitForJsFiles":true},"typeAcquisition":{"enable":true,"include":[],"exclude":[]},"unresolvedImports":[],"projectRootPath":"/home/lenox/ft_transcendance/front-end/App/src/chat","kind":"discover"}
[20:14:41.557] Loaded safelist from types map file '/home/lenox/.nvm/versions/node/v17.4.0/lib/node_modules/typescript/lib/typesMap.json'
[20:14:41.558] Explicitly included types: []
[20:14:41.560] Inferred typings from unresolved imports: []
[20:14:41.560] Result: {"cachedTypingPaths":[],"newTypingNames":[],"filesToWatch":["/home/lenox/ft_transcendance/front-end/App/src/chat/bower_components","/home/lenox/ft_transcendance/front-end/App/src/chat/node_modules"]}
[20:14:41.560] Finished typings discovery: {"cachedTypingPaths":[],"newTypingNames":[],"filesToWatch":["/home/lenox/ft_transcendance/front-end/App/src/chat/bower_components","/home/lenox/ft_transcendance/front-end/App/src/chat/node_modules"]}
[20:14:41.562] DirectoryWatcher:: Added:: WatchInfo: /home/lenox/ft_transcendance/front-end/App/src/chat/bower_components
[20:14:41.564] DirectoryWatcher:: Added:: WatchInfo: /home/lenox/ft_transcendance/front-end/App/src/chat/bower_components 1 undefined Project: /dev/null/inferredProject1* watcher already invoked: false
[20:14:41.570] Elapsed:: 5.764128997921944ms DirectoryWatcher:: Added:: WatchInfo: /home/lenox/ft_transcendance/front-end/App/src/chat/bower_components 1 undefined Project: /dev/null/inferredProject1* watcher already invoked: false
[20:14:41.570] DirectoryWatcher:: Added:: WatchInfo: /home/lenox/ft_transcendance/front-end/App/src/chat/node_modules
[20:14:41.571] DirectoryWatcher:: Added:: WatchInfo: /home/lenox/ft_transcendance/front-end/App/src/chat/node_modules 1 undefined Project: /dev/null/inferredProject1* watcher already invoked: false
[20:14:41.571] Elapsed:: 0.42741599678993225ms DirectoryWatcher:: Added:: WatchInfo: /home/lenox/ft_transcendance/front-end/App/src/chat/node_modules 1 undefined Project: /dev/null/inferredProject1* watcher already invoked: false
[20:14:41.572] Sending response:
    {"projectName":"/dev/null/inferredProject1*","typeAcquisition":{"enable":true,"include":[],"exclude":[]},"compilerOptions":{"module":1,"target":3,"jsx":1,"allowJs":true,"allowSyntheticDefaultImports":true,"allowNonTsExtensions":true,"noEmitForJsFiles":true},"typings":[],"unresolvedImports":[],"kind":"action::set"}
[20:14:41.573] Response has been sent.
[20:14:41.573] No new typings were requested as a result of typings discovery
[20:45:41.480] Got install request {"projectName":"/dev/null/inferredProject2*","fileNames":[],"compilerOptions":{"module":1,"target":3,"jsx":1,"allowJs":true,"allowSyntheticDefaultImports":true,"allowNonTsExtensions":true,"noEmitForJsFiles":true},"typeAcquisition":{"enable":true,"include":[],"exclude":[]},"unresolvedImports":[],"projectRootPath":"/home/lenox/ft_transcendance/front-end/App/src/chat","kind":"discover"}
[20:45:41.480] Explicitly included types: []
[20:45:41.481] Inferred typings from unresolved imports: []
[20:45:41.481] Result: {"cachedTypingPaths":[],"newTypingNames":[],"filesToWatch":["/home/lenox/ft_transcendance/front-end/App/src/chat/bower_components","/home/lenox/ft_transcendance/front-end/App/src/chat/node_modules"]}
[20:45:41.482] Finished typings discovery: {"cachedTypingPaths":[],"newTypingNames":[],"filesToWatch":["/home/lenox/ft_transcendance/front-end/App/src/chat/bower_components","/home/lenox/ft_transcendance/front-end/App/src/chat/node_modules"]}
[20:45:41.482] DirectoryWatcher:: Added:: WatchInfo: /home/lenox/ft_transcendance/front-end/App/src/chat/bower_components
[20:45:41.482] DirectoryWatcher:: Added:: WatchInfo: /home/lenox/ft_transcendance/front-end/App/src/chat/bower_components 1 undefined Project: /dev/null/inferredProject2* watcher already invoked: false
[20:45:41.483] Elapsed:: 0.06985101103782654ms DirectoryWatcher:: Added:: WatchInfo: /home/lenox/ft_transcendance/front-end/App/src/chat/bower_components 1 undefined Project: /dev/null/inferredProject2* watcher already invoked: false
[20:45:41.483] DirectoryWatcher:: Added:: WatchInfo: /home/lenox/ft_transcendance/front-end/App/src/chat/node_modules
[20:45:41.483] DirectoryWatcher:: Added:: WatchInfo: /home/lenox/ft_transcendance/front-end/App/src/chat/node_modules 1 undefined Project: /dev/null/inferredProject2* watcher already invoked: false
[20:45:41.483] Elapsed:: 0.03653600811958313ms DirectoryWatcher:: Added:: WatchInfo: /home/lenox/ft_transcendance/front-end/App/src/chat/node_modules 1 undefined Project: /dev/null/inferredProject2* watcher already invoked: false
[20:45:41.483] Sending response:
    {"projectName":"/dev/null/inferredProject2*","typeAcquisition":{"enable":true,"include":[],"exclude":[]},"compilerOptions":{"module":1,"target":3,"jsx":1,"allowJs":true,"allowSyntheticDefaultImports":true,"allowNonTsExtensions":true,"noEmitForJsFiles":true},"typings":[],"unresolvedImports":[],"kind":"action::set"}
[20:45:41.484] Response has been sent.
[20:45:41.484] No new typings were requested as a result of typings discovery
