[20:35:58.355] Global cache location '/home/lenox/.cache/typescript/4.6', safe file path '/home/lenox/.nvm/versions/node/v17.4.0/lib/node_modules/typescript/lib/typingSafeList.json', types map path /home/lenox/.nvm/versions/node/v17.4.0/lib/node_modules/typescript/lib/typesMap.json
[20:35:58.356] Processing cache location '/home/lenox/.cache/typescript/4.6'
[20:35:58.356] Trying to find '/home/lenox/.cache/typescript/4.6/package.json'...
[20:35:58.365] Loaded content of '/home/lenox/.cache/typescript/4.6/package.json': {"private":true,"dependencies":{"types-registry":"^0.1.589"},"devDependencies":{"@types/core-js":"^2.5.5","@types/eslint":"^8.4.1","@types/javascript-time-ago":"^2.0.3","@types/nodemon":"^1.19.1","@types/object-assign":"^4.0.30","@types/p5":"^1.4.2","@types/react":"^17.0.43","@types/react-bootstrap":"^0.32.29","@types/react-dom":"^17.0.14","@types/react-redux":"^7.1.23","@types/remote-redux-devtools":"^0.5.5","@types/sass":"^1.43.1","@types/testing-library__jest-dom":"^5.14.3"}}
[20:35:58.366] Loaded content of '/home/lenox/.cache/typescript/4.6/package-lock.json'
[20:35:58.382] Adding entry into typings cache: 'core-js' => '/home/lenox/.cache/typescript/4.6/node_modules/@types/core-js/index.d.ts'
[20:35:58.386] Adding entry into typings cache: 'eslint' => '/home/lenox/.cache/typescript/4.6/node_modules/@types/eslint/index.d.ts'
[20:35:58.388] Adding entry into typings cache: 'javascript-time-ago' => '/home/lenox/.cache/typescript/4.6/node_modules/@types/javascript-time-ago/index.d.ts'
[20:35:58.393] Adding entry into typings cache: 'nodemon' => '/home/lenox/.cache/typescript/4.6/node_modules/@types/nodemon/index.d.ts'
[20:35:58.397] Adding entry into typings cache: 'object-assign' => '/home/lenox/.cache/typescript/4.6/node_modules/@types/object-assign/index.d.ts'
[20:35:58.400] Adding entry into typings cache: 'p5' => '/home/lenox/.cache/typescript/4.6/node_modules/@types/p5/index.d.ts'
[20:35:58.406] Adding entry into typings cache: 'react' => '/home/lenox/.cache/typescript/4.6/node_modules/@types/react/index.d.ts'
[20:35:58.410] Adding entry into typings cache: 'react-bootstrap' => '/home/lenox/.cache/typescript/4.6/node_modules/@types/react-bootstrap/index.d.ts'
[20:35:58.412] Adding entry into typings cache: 'react-dom' => '/home/lenox/.cache/typescript/4.6/node_modules/@types/react-dom/index.d.ts'
[20:35:58.416] Adding entry into typings cache: 'react-redux' => '/home/lenox/.cache/typescript/4.6/node_modules/@types/react-redux/index.d.ts'
[20:35:58.419] Adding entry into typings cache: 'remote-redux-devtools' => '/home/lenox/.cache/typescript/4.6/node_modules/@types/remote-redux-devtools/index.d.ts'
[20:35:58.421] Adding entry into typings cache: 'sass' => '/home/lenox/.cache/typescript/4.6/node_modules/@types/sass/index.d.ts'
[20:35:58.423] Adding entry into typings cache: 'testing-library__jest-dom' => '/home/lenox/.cache/typescript/4.6/node_modules/@types/testing-library__jest-dom/index.d.ts'
[20:35:58.423] Finished processing cache location '/home/lenox/.cache/typescript/4.6'
[20:35:58.423] Process id: 50269
[20:35:58.423] NPM location: /home/lenox/.nvm/versions/node/v17.4.0/bin/npm (explicit '--npmLocation' not  provided)
[20:35:58.423] validateDefaultNpmLocation: false
[20:35:58.423] Npm config file: /home/lenox/.cache/typescript/4.6/package.json
[20:35:58.423] Updating types-registry npm package...
[20:35:58.423] Exec: /home/lenox/.nvm/versions/node/v17.4.0/bin/npm install --ignore-scripts types-registry@latest
[20:36:00.434]     Succeeded. stdout:
    
    up to date, audited 42 packages in 2s

3 packages are looking for funding
  run `npm fund` for details

found 0 vulnerabilities

[20:36:00.435] Updated types-registry npm package
