[10:55:45.037] Global cache location '/home/lenox/.cache/typescript/4.6', safe file path '/home/lenox/.nvm/versions/node/v17.4.0/lib/node_modules/typescript/lib/typingSafeList.json', types map path /home/lenox/.nvm/versions/node/v17.4.0/lib/node_modules/typescript/lib/typesMap.json
[10:55:45.037] Processing cache location '/home/lenox/.cache/typescript/4.6'
[10:55:45.038] Trying to find '/home/lenox/.cache/typescript/4.6/package.json'...
[10:55:45.040] Loaded content of '/home/lenox/.cache/typescript/4.6/package.json': {"private":true,"dependencies":{"types-registry":"^0.1.588"},"devDependencies":{"@types/nodemon":"^1.19.1","@types/object-assign":"^4.0.30","@types/react":"^17.0.43","@types/react-bootstrap":"^0.32.29","@types/react-dom":"^17.0.14","@types/react-redux":"^7.1.23","@types/remote-redux-devtools":"^0.5.5","@types/testing-library__jest-dom":"^5.14.3"}}
[10:55:45.040] Loaded content of '/home/lenox/.cache/typescript/4.6/package-lock.json'
[10:55:45.061] Adding entry into typings cache: 'nodemon' => '/home/lenox/.cache/typescript/4.6/node_modules/@types/nodemon/index.d.ts'
[10:55:45.065] Adding entry into typings cache: 'object-assign' => '/home/lenox/.cache/typescript/4.6/node_modules/@types/object-assign/index.d.ts'
[10:55:45.070] Adding entry into typings cache: 'react' => '/home/lenox/.cache/typescript/4.6/node_modules/@types/react/index.d.ts'
[10:55:45.076] Adding entry into typings cache: 'react-bootstrap' => '/home/lenox/.cache/typescript/4.6/node_modules/@types/react-bootstrap/index.d.ts'
[10:55:45.079] Adding entry into typings cache: 'react-dom' => '/home/lenox/.cache/typescript/4.6/node_modules/@types/react-dom/index.d.ts'
[10:55:45.083] Adding entry into typings cache: 'react-redux' => '/home/lenox/.cache/typescript/4.6/node_modules/@types/react-redux/index.d.ts'
[10:55:45.085] Adding entry into typings cache: 'remote-redux-devtools' => '/home/lenox/.cache/typescript/4.6/node_modules/@types/remote-redux-devtools/index.d.ts'
[10:55:45.087] Adding entry into typings cache: 'testing-library__jest-dom' => '/home/lenox/.cache/typescript/4.6/node_modules/@types/testing-library__jest-dom/index.d.ts'
[10:55:45.087] Finished processing cache location '/home/lenox/.cache/typescript/4.6'
[10:55:45.088] Process id: 7063
[10:55:45.088] NPM location: /home/lenox/.nvm/versions/node/v17.4.0/bin/npm (explicit '--npmLocation' not  provided)
[10:55:45.088] validateDefaultNpmLocation: false
[10:55:45.088] Npm config file: /home/lenox/.cache/typescript/4.6/package.json
[10:55:45.088] Updating types-registry npm package...
[10:55:45.088] Exec: /home/lenox/.nvm/versions/node/v17.4.0/bin/npm install --ignore-scripts types-registry@latest
[10:55:46.325]     Succeeded. stdout:
    
    up to date, audited 35 packages in 1s

3 packages are looking for funding
  run `npm fund` for details

found 0 vulnerabilities

[10:55:46.325] Updated types-registry npm package
